0 info it worked if it ends with ok
1 verbose cli [ 'C:\\Program Files\\nodejs\\node.exe',
1 verbose cli   'C:\\Users\\尹洋洋\\AppData\\Roaming\\npm\\node_modules\\npm\\bin\\npm-cli.js',
1 verbose cli   'run',
1 verbose cli   'test',
1 verbose cli   '--no-cache' ]
2 info using npm@6.9.0
3 info using node@v10.4.0
4 verbose run-script [ 'pretest', 'test', 'posttest' ]
5 info lifecycle yui-test2@0.0.2~pretest: yui-test2@0.0.2
6 info lifecycle yui-test2@0.0.2~test: yui-test2@0.0.2
7 verbose lifecycle yui-test2@0.0.2~test: unsafe-perm in lifecycle true
8 verbose lifecycle yui-test2@0.0.2~test: PATH: C:\Users\尹洋洋\AppData\Roaming\npm\node_modules\npm\node_modules\npm-lifecycle\node-gyp-bin;C:\Users\尹洋洋\Desktop\vue-ui\node_modules\.bin;C:\Users\尹洋洋\local;C:\Users\尹洋洋\bin;C:\Program Files\Git\mingw64\bin;C:\Program Files\Git\usr\local\bin;C:\Program Files\Git\usr\bin;C:\Program Files\Git\usr\bin;C:\Program Files\Git\mingw64\bin;C:\Program Files\Git\usr\bin;C:\Users\尹洋洋\bin;C:\Program Files (x86)\Razer Chroma SDK\bin;C:\Program Files\Razer Chroma SDK\bin;C:\Program Files (x86)\Common Files\Intel\Shared Libraries\redist\intel64\compiler;C:\Program Files (x86)\Intel\iCLS Client;C:\Program Files\Intel\iCLS Client;C:\windows\system32;C:\windows;C:\windows\System32\Wbem;C:\windows\System32\WindowsPowerShell\v1.0;C:\Program Files (x86)\Intel\Intel(R) Management Engine Components\DAL;C:\Program Files\Intel\Intel(R) Management Engine Components\DAL;C:\Program Files (x86)\Intel\Intel(R) Management Engine Components\IPT;C:\Program Files\Intel\Intel(R) Management Engine Components\IPT;C:\Program Files (x86)\NVIDIA Corporation\PhysX\Common;C:\WINDOWS\system32;C:\WINDOWS;C:\WINDOWS\System32\Wbem;C:\WINDOWS\System32\WindowsPowerShell\v1.0;C:\WINDOWS\System32\OpenSSH;C:\Program Files\nodejs;C:\Program Files\Microsoft VS Code\bin;C:\Program Files\Git\cmd;C:\Program Files\TortoiseSVN\bin;C:\Program Files\VisualSVN Server\bin;C:\WINDOWS\system32\config\systemprofile\AppData\Local\Microsoft\WindowsApps;C:\Program Files (x86)\Yarn\bin;C:\Users\尹洋洋\AppData\Local\Microsoft\WindowsApps;C:\Users\尹洋洋\AppData\Roaming\npm;C:\Program Files\Microsoft VS Code\bin;C:\Users\尹洋洋\AppData\Local\GitHubDesktop\bin;C:\Users\尹洋洋\AppData\Local\Programs\Fiddler;C:\Users\尹洋洋\AppData\Local\Microsoft\WindowsApps;C:\Users\尹洋洋\AppData\Local\Yarn\bin;C:\Program Files\Git\usr\bin\vendor_perl;C:\Program Files\Git\usr\bin\core_perl
9 verbose lifecycle yui-test2@0.0.2~test: CWD: C:\Users\尹洋洋\Desktop\vue-ui
10 silly lifecycle yui-test2@0.0.2~test: Args: [ '/d /s /c',
10 silly lifecycle   'parcel build test/* --no-cache --no-minify && karma start --single-run' ]
11 silly lifecycle yui-test2@0.0.2~test: Returned: code: 1  signal: null
12 info lifecycle yui-test2@0.0.2~test: Failed to exec test script
13 verbose stack Error: yui-test2@0.0.2 test: `parcel build test/* --no-cache --no-minify && karma start --single-run`
13 verbose stack Exit status 1
13 verbose stack     at EventEmitter.<anonymous> (C:\Users\尹洋洋\AppData\Roaming\npm\node_modules\npm\node_modules\npm-lifecycle\index.js:301:16)
13 verbose stack     at EventEmitter.emit (events.js:182:13)
13 verbose stack     at ChildProcess.<anonymous> (C:\Users\尹洋洋\AppData\Roaming\npm\node_modules\npm\node_modules\npm-lifecycle\lib\spawn.js:55:14)
13 verbose stack     at ChildProcess.emit (events.js:182:13)
13 verbose stack     at maybeClose (internal/child_process.js:961:16)
13 verbose stack     at Process.ChildProcess._handle.onexit (internal/child_process.js:248:5)
14 verbose pkgid yui-test2@0.0.2
15 verbose cwd C:\Users\尹洋洋\Desktop\vue-ui
16 verbose Windows_NT 10.0.17763
17 verbose argv "C:\\Program Files\\nodejs\\node.exe" "C:\\Users\\尹洋洋\\AppData\\Roaming\\npm\\node_modules\\npm\\bin\\npm-cli.js" "run" "test" "--no-cache"
18 verbose node v10.4.0
19 verbose npm  v6.9.0
20 error code ELIFECYCLE
21 error errno 1
22 error yui-test2@0.0.2 test: `parcel build test/* --no-cache --no-minify && karma start --single-run`
22 error Exit status 1
23 error Failed at the yui-test2@0.0.2 test script.
23 error This is probably not a problem with npm. There is likely additional logging output above.
24 verbose exit [ 1, true ]
